\BOOKMARK [0][-]{titulo.0}{P\341gina de T\355tulo}{}% 1
\BOOKMARK [0][-]{dedicatoria.0}{Dedicatoria}{}% 2
\BOOKMARK [0][-]{chapter*.1}{Agradecimientos}{}% 3
\BOOKMARK [0][-]{chapter*.2}{Resumen}{}% 4
\BOOKMARK [0][-]{indices.0}{\315ndices}{}% 5
\BOOKMARK [1][-]{tabla de contenidos.1}{Tabla de contenidos}{indices.0}% 6
\BOOKMARK [1][-]{indice de figuras.1}{\315ndice de figuras}{indices.0}% 7
\BOOKMARK [1][-]{indice de tablas.1}{\315ndice de tablas}{indices.0}% 8
\BOOKMARK [0][-]{chapter.1}{Introducci\363n}{}% 9
\BOOKMARK [1][-]{section.1.1}{Introducci\363n}{chapter.1}% 10
\BOOKMARK [1][-]{section.1.1}{Notas bibliogr\341ficas}{chapter.1}% 11
\BOOKMARK [1][-]{section.1.1}{En el pr\363ximo cap\355tulo}{chapter.1}% 12
\BOOKMARK [0][-]{chapter.2}{Estado del arte}{}% 13
\BOOKMARK [1][-]{section.2.1}{Computaci\363n Afectiva}{chapter.2}% 14
\BOOKMARK [2][-]{subsection.2.1.1}{Diccionarios Afectivos}{section.2.1}% 15
\BOOKMARK [2][-]{subsection.2.1.2}{Nuestro diccionario}{section.2.1}% 16
\BOOKMARK [1][-]{section.2.2}{Servicios Web}{chapter.2}% 17
\BOOKMARK [1][-]{section.2.3}{Metodolog\355a Scrum}{chapter.2}% 18
\BOOKMARK [1][-]{section.2.4}{Integraci\363n Continua}{chapter.2}% 19
\BOOKMARK [1][-]{section.2.4}{Notas bibliogr\341ficas}{chapter.2}% 20
\BOOKMARK [1][-]{section.2.4}{En el pr\363ximo cap\355tulo}{chapter.2}% 21
\BOOKMARK [0][-]{appendix.Alph1}{As\355 se hizo...}{}% 22
\BOOKMARK [1][-]{section.Alph1.1}{Introducci\363n}{appendix.Alph1}% 23
\BOOKMARK [0][-]{appendix*.6}{Bibliograf\355a}{}% 24
\BOOKMARK [0][-]{fin.0}{Fin}{}% 25
